********************************************************************************
DUPLICATOR-LITE PACKAGE-LOG: 11 December, 2021 9:57 am
NOTICE: Do NOT post to public sites or forums 
********************************************************************************
VERSION:	1.4.3
WORDPRESS:	5.8.2
PHP INFO:	7.3.9 | SAPI: apache2handler
SERVER:		Apache/2.4.41 (Win64) OpenSSL/1.1.1c PHP/7.3.9 
PHP TIME LIMIT: (0) no time limit imposed 
PHP MAX MEMORY: 4294967296 (900M default) 
MEMORY STACK: 10MB

********************************************************************************
DATABASE:
********************************************************************************
BUILD MODE:   MYSQLDUMP
MYSQLTIMEOUT: 5000
MYSQLDUMP:    Is Supported
SQL CREATED: 20211208_askventure_b42272e14d8867bc6142_20211211095705_database.sql
SQL FILE SIZE: 3.42MB (3585235)
SQL FILE TIME: 2021-12-11 09:57:51
SQL RUNTIME: 7.97 sec.

********************************************************************************
ARCHIVE (ZIP):
********************************************************************************
ARCHIVE DIR:  D:/xampp/htdocs/wp/jventures-asia
ARCHIVE FILE: 20211208_askventure_b42272e14d8867bc6142_20211211095705_archive.zip
FILTERS: *OFF*
DIRS:
	not set
FILES:
	not set
EXTS:  not set
----------------------------------------
COMPRESSING
SIZE:	143.4MB
STATS:	Dirs 2,179 | Files 11,444
SQL ADDED: 20211208_askventure_b42272e14d8867bc6142_20211211095705_database.sql
ZipArchive Object
(
    [status] => 0
    [statusSys] => 0
    [numFiles] => 13623
    [filename] => D:\xampp\htdocs\wp\jventures-asia\wp-content\backups-dup-lite\tmp\20211208_askventure_b42272e14d8867bc6142_20211211095705_archive.zip
    [comment] => 
)

FILE ADDED TO ZIP: 13622
COMPRESSION RESULT: '1'
COMPRESSED SIZE: 58.04MB
ARCHIVE RUNTIME: 201.57 sec.
MEMORY STACK: 14MB
building installer
add_extra_files1
add_extra_files2
add_extra_files3
add_extra_files4
Doing archive file check
add_extra_files5
add_extra_files6
add_extra_files8
Successfully opened zip D:/xampp/htdocs/wp/jventures-asia/wp-content/backups-dup-lite/tmp/20211208_askventure_b42272e14d8867bc6142_20211211095705_archive.zip
Adding enhanced installer files to archive using ZipArchive
Installer files added to archive
Added to archive
After ziparchive close when adding installer

********************************************************************************
INTEGRITY CHECKS:
********************************************************************************
SQL FILE: 3.42MB
INSTALLER FILE: 64.26KB
ARCHIVE FILE: 59.1MB 
EXPECTED FILE/DIRECTORY COUNT: 13,623
ACTUAL FILE/DIRECTORY COUNT: 13,622
ARCHIVE CONSISTENCY TEST: Pass

********************************************************************************
RECORD ID:[3]
TOTAL PROCESS RUNTIME: 213.11 sec.
PEAK PHP MEMORY USED: 18MB
DONE PROCESSING => 20211208_askventure 11 December, 2021 10:01 am

